Performing C SOURCE FILE Test CMAKE_HAVE_LIBC_PTHREAD failed with the following output:
Change Dir: /mnt/c/Users/INNO-C-535/resource_moniter/cpu_moniter/cmake/build/CMakeFiles/CMakeScratch/TryCompile-GPDc9R

Run Build Command(s):/usr/bin/make -f Makefile cmTC_d0ac9/fast && /usr/bin/make  -f CMakeFiles/cmTC_d0ac9.dir/build.make CMakeFiles/cmTC_d0ac9.dir/build
make[1]: Entering directory '/mnt/c/Users/INNO-C-535/resource_moniter/cpu_moniter/cmake/build/CMakeFiles/CMakeScratch/TryCompile-GPDc9R'
Building C object CMakeFiles/cmTC_d0ac9.dir/src.c.o
/usr/bin/cc -DCMAKE_HAVE_LIBC_PTHREAD   -o CMakeFiles/cmTC_d0ac9.dir/src.c.o -c /mnt/c/Users/INNO-C-535/resource_moniter/cpu_moniter/cmake/build/CMakeFiles/CMakeScratch/TryCompile-GPDc9R/src.c
Linking C executable cmTC_d0ac9
/home/byeongseok/.local/lib/python3.6/site-packages/cmake/data/bin/cmake -E cmake_link_script CMakeFiles/cmTC_d0ac9.dir/link.txt --verbose=1
/usr/bin/cc CMakeFiles/cmTC_d0ac9.dir/src.c.o -o cmTC_d0ac9 
CMakeFiles/cmTC_d0ac9.dir/src.c.o: In function `main':
src.c:(.text+0x3e): undefined reference to `pthread_create'
src.c:(.text+0x4a): undefined reference to `pthread_detach'
src.c:(.text+0x56): undefined reference to `pthread_cancel'
src.c:(.text+0x67): undefined reference to `pthread_join'
src.c:(.text+0x7b): undefined reference to `pthread_atfork'
collect2: error: ld returned 1 exit status
CMakeFiles/cmTC_d0ac9.dir/build.make:98: recipe for target 'cmTC_d0ac9' failed
make[1]: *** [cmTC_d0ac9] Error 1
make[1]: Leaving directory '/mnt/c/Users/INNO-C-535/resource_moniter/cpu_moniter/cmake/build/CMakeFiles/CMakeScratch/TryCompile-GPDc9R'
Makefile:127: recipe for target 'cmTC_d0ac9/fast' failed
make: *** [cmTC_d0ac9/fast] Error 2


Source file was:
#include <pthread.h>

static void* test_func(void* data)
{
  return data;
}

int main(void)
{
  pthread_t thread;
  pthread_create(&thread, NULL, test_func, NULL);
  pthread_detach(thread);
  pthread_cancel(thread);
  pthread_join(thread, NULL);
  pthread_atfork(NULL, NULL, NULL);
  pthread_exit(NULL);

  return 0;
}


Determining if the function pthread_create exists in the pthreads failed with the following output:
Change Dir: /mnt/c/Users/INNO-C-535/resource_moniter/cpu_moniter/cmake/build/CMakeFiles/CMakeScratch/TryCompile-6433ll

Run Build Command(s):/usr/bin/make -f Makefile cmTC_c6434/fast && /usr/bin/make  -f CMakeFiles/cmTC_c6434.dir/build.make CMakeFiles/cmTC_c6434.dir/build
make[1]: Entering directory '/mnt/c/Users/INNO-C-535/resource_moniter/cpu_moniter/cmake/build/CMakeFiles/CMakeScratch/TryCompile-6433ll'
Building C object CMakeFiles/cmTC_c6434.dir/CheckFunctionExists.c.o
/usr/bin/cc   -DCHECK_FUNCTION_EXISTS=pthread_create -o CMakeFiles/cmTC_c6434.dir/CheckFunctionExists.c.o -c /mnt/c/Users/INNO-C-535/resource_moniter/cpu_moniter/cmake/build/CMakeFiles/CMakeScratch/TryCompile-6433ll/CheckFunctionExists.c
Linking C executable cmTC_c6434
/home/byeongseok/.local/lib/python3.6/site-packages/cmake/data/bin/cmake -E cmake_link_script CMakeFiles/cmTC_c6434.dir/link.txt --verbose=1
/usr/bin/cc  -DCHECK_FUNCTION_EXISTS=pthread_create CMakeFiles/cmTC_c6434.dir/CheckFunctionExists.c.o -o cmTC_c6434  -lpthreads 
/usr/bin/ld: cannot find -lpthreads
collect2: error: ld returned 1 exit status
CMakeFiles/cmTC_c6434.dir/build.make:98: recipe for target 'cmTC_c6434' failed
make[1]: *** [cmTC_c6434] Error 1
make[1]: Leaving directory '/mnt/c/Users/INNO-C-535/resource_moniter/cpu_moniter/cmake/build/CMakeFiles/CMakeScratch/TryCompile-6433ll'
Makefile:127: recipe for target 'cmTC_c6434/fast' failed
make: *** [cmTC_c6434/fast] Error 2



